\BOOKMARK [1][-]{Doc-Start}{Cuesti\363n 1}{}% 1
\BOOKMARK [2][-]{section*.1}{Enunciado}{Doc-Start}% 2
\BOOKMARK [3][-]{section*.1}{Soluci\363n}{Doc-Start}% 3
\BOOKMARK [1][-]{figure.0.1}{Cuesti\363n 2}{}% 4
\BOOKMARK [2][-]{section*.2}{Enunciado}{figure.0.1}% 5
\BOOKMARK [3][-]{section*.2}{Soluci\363n}{figure.0.1}% 6
\BOOKMARK [1][-]{section*.2}{Cuesti\363n 3}{}% 7
\BOOKMARK [2][-]{section*.3}{Enunciado}{section*.2}% 8
\BOOKMARK [3][-]{section*.3}{Soluci\363n}{section*.2}% 9
\BOOKMARK [1][-]{section*.3}{Cuesti\363n 4}{}% 10
\BOOKMARK [2][-]{section*.4}{Enunciado}{section*.3}% 11
\BOOKMARK [3][-]{section*.4}{Soluci\363n}{section*.3}% 12
\BOOKMARK [1][-]{section*.4}{Cuesti\363n 5}{}% 13
\BOOKMARK [2][-]{section*.5}{Enunciado}{section*.4}% 14
\BOOKMARK [3][-]{section*.5}{Soluci\363n}{section*.4}% 15
\BOOKMARK [1][-]{figure.0.2}{Cuesti\363n 6}{}% 16
\BOOKMARK [2][-]{section*.6}{Enunciado}{figure.0.2}% 17
\BOOKMARK [3][-]{section*.6}{Soluci\363n}{figure.0.2}% 18
\BOOKMARK [1][-]{section*.6}{Cuesti\363n 7}{}% 19
\BOOKMARK [2][-]{section*.7}{Enunciado}{section*.6}% 20
\BOOKMARK [3][-]{section*.7}{Soluci\363n}{section*.6}% 21
\BOOKMARK [1][-]{section*.7}{Cuesti\363n 8}{}% 22
\BOOKMARK [2][-]{section*.8}{Enunciado}{section*.7}% 23
\BOOKMARK [3][-]{section*.8}{Soluci\363n}{section*.7}% 24
\BOOKMARK [1][-]{section*.8}{Cuesti\363n 9}{}% 25
\BOOKMARK [2][-]{section*.9}{Enunciado}{section*.8}% 26
\BOOKMARK [3][-]{section*.9}{Soluci\363n}{section*.8}% 27
\BOOKMARK [1][-]{section*.9}{Cuesti\363n 10}{}% 28
\BOOKMARK [2][-]{section*.10}{Enunciado}{section*.9}% 29
\BOOKMARK [3][-]{section*.10}{Soluci\363n}{section*.9}% 30
\BOOKMARK [1][-]{section*.10}{Cuesti\363n 11}{}% 31
\BOOKMARK [2][-]{section*.11}{Enunciado}{section*.10}% 32
\BOOKMARK [3][-]{section*.11}{Soluci\363n}{section*.10}% 33
\BOOKMARK [1][-]{section*.11}{Cuesti\363n 12}{}% 34
\BOOKMARK [2][-]{section*.12}{Enunciado}{section*.11}% 35
\BOOKMARK [3][-]{section*.12}{Soluci\363n}{section*.11}% 36
\BOOKMARK [1][-]{section*.12}{Cuesti\363n 13}{}% 37
\BOOKMARK [2][-]{section*.13}{Enunciado}{section*.12}% 38
\BOOKMARK [3][-]{section*.13}{Soluci\363n}{section*.12}% 39
\BOOKMARK [1][-]{section*.13}{Cuesti\363n 14}{}% 40
\BOOKMARK [2][-]{section*.14}{Enunciado}{section*.13}% 41
\BOOKMARK [3][-]{section*.14}{Soluci\363n}{section*.13}% 42
